# JRE version: OpenJDK Runtime Environment Corretto-11.0.20.9.1 (11.0.20.1+9) (build 11.0.20.1+9-LTS)
# Java VM: OpenJDK 64-Bit Server VM Corretto-11.0.20.9.1 (11.0.20.1+9-LTS, mixed mode, tiered, compressed oops, g1 gc, windows-amd64)
Heap:
 garbage-first heap   total 157696K, used 24306K [0x0000000081800000, 0x0000000100000000)
  region size 1024K, 14 young (14336K), 8 survivors (8192K)
 Metaspace       used 44338K, capacity 45856K, committed 46108K, reserved 1093632K
  class space    used 5715K, capacity 6333K, committed 6348K, reserved 1048576K
GC Heap History (18 events):
Event: 1.540 GC heap before
{Heap before GC invocations=0 (full 0):
 garbage-first heap   total 131072K, used 14336K [0x0000000081800000, 0x0000000100000000)
  region size 1024K, 14 young (14336K), 0 survivors (0K)
 Metaspace       used 12105K, capacity 12362K, committed 12672K, reserved 1060864K
  class space    used 1231K, capacity 1334K, committed 1408K, reserved 1048576K
}
Event: 1.550 GC heap after
{Heap after GC invocations=1 (full 0):
 garbage-first heap   total 131072K, used 7366K [0x0000000081800000, 0x0000000100000000)
  region size 1024K, 2 young (2048K), 2 survivors (2048K)
 Metaspace       used 12105K, capacity 12362K, committed 12672K, reserved 1060864K
  class space    used 1231K, capacity 1334K, committed 1408K, reserved 1048576K
}
Event: 1.724 GC heap before
{Heap before GC invocations=1 (full 0):
 garbage-first heap   total 131072K, used 11462K [0x0000000081800000, 0x0000000100000000)
  region size 1024K, 6 young (6144K), 2 survivors (2048K)
 Metaspace       used 13745K, capacity 14095K, committed 14336K, reserved 1062912K
  class space    used 1382K, capacity 1505K, committed 1536K, reserved 1048576K
}
Event: 1.731 GC heap after
{Heap after GC invocations=2 (full 0):
 garbage-first heap   total 131072K, used 8543K [0x0000000081800000, 0x0000000100000000)
  region size 1024K, 1 young (1024K), 1 survivors (1024K)
 Metaspace       used 13745K, capacity 14095K, committed 14336K, reserved 1062912K
  class space    used 1382K, capacity 1505K, committed 1536K, reserved 1048576K
}
Event: 2.140 GC heap before
{Heap before GC invocations=2 (full 0):
 garbage-first heap   total 131072K, used 25951K [0x0000000081800000, 0x0000000100000000)
  region size 1024K, 18 young (18432K), 1 survivors (1024K)
 Metaspace       used 16152K, capacity 16652K, committed 16768K, reserved 1064960K
  class space    used 1713K, capacity 1905K, committed 1920K, reserved 1048576K
}
Event: 2.146 GC heap after
{Heap after GC invocations=3 (full 0):
 garbage-first heap   total 131072K, used 9432K [0x0000000081800000, 0x0000000100000000)
  region size 1024K, 2 young (2048K), 2 survivors (2048K)
 Metaspace       used 16152K, capacity 16652K, committed 16768K, reserved 1064960K
  class space    used 1713K, capacity 1905K, committed 1920K, reserved 1048576K
}
Event: 2.738 GC heap before
{Heap before GC invocations=3 (full 0):
 garbage-first heap   total 131072K, used 36056K [0x0000000081800000, 0x0000000100000000)
  region size 1024K, 28 young (28672K), 2 survivors (2048K)
 Metaspace       used 19592K, capacity 20241K, committed 20480K, reserved 1067008K
  class space    used 2240K, capacity 2520K, committed 2560K, reserved 1048576K
}
Event: 2.746 GC heap after
{Heap after GC invocations=4 (full 0):
 garbage-first heap   total 131072K, used 10591K [0x0000000081800000, 0x0000000100000000)
  region size 1024K, 3 young (3072K), 3 survivors (3072K)
 Metaspace       used 19592K, capacity 20241K, committed 20480K, reserved 1067008K
  class space    used 2240K, capacity 2520K, committed 2560K, reserved 1048576K
}
Event: 2.818 GC heap before
{Heap before GC invocations=4 (full 0):
 garbage-first heap   total 131072K, used 13663K [0x0000000081800000, 0x0000000100000000)
  region size 1024K, 8 young (8192K), 3 survivors (3072K)
 Metaspace       used 20467K, capacity 21147K, committed 21296K, reserved 1069056K
  class space    used 2332K, capacity 2612K, committed 2688K, reserved 1048576K
}
Event: 2.826 GC heap after
{Heap after GC invocations=5 (full 0):
 garbage-first heap   total 131072K, used 10848K [0x0000000081800000, 0x0000000100000000)
  region size 1024K, 4 young (4096K), 4 survivors (4096K)
 Metaspace       used 20467K, capacity 21147K, committed 21296K, reserved 1069056K
  class space    used 2332K, capacity 2612K, committed 2688K, reserved 1048576K
}
Event: 3.388 GC heap before
{Heap before GC invocations=6 (full 0):
 garbage-first heap   total 131072K, used 49760K [0x0000000081800000, 0x0000000100000000)
  region size 1024K, 43 young (44032K), 4 survivors (4096K)
 Metaspace       used 25884K, capacity 26717K, committed 26800K, reserved 1073152K
  class space    used 3167K, capacity 3510K, committed 3584K, reserved 1048576K
}
Event: 3.401 GC heap after
{Heap after GC invocations=7 (full 0):
 garbage-first heap   total 157696K, used 12501K [0x0000000081800000, 0x0000000100000000)
  region size 1024K, 4 young (4096K), 4 survivors (4096K)
 Metaspace       used 25884K, capacity 26717K, committed 26800K, reserved 1073152K
  class space    used 3167K, capacity 3510K, committed 3584K, reserved 1048576K
}
Event: 4.635 GC heap before
{Heap before GC invocations=7 (full 0):
 garbage-first heap   total 157696K, used 89301K [0x0000000081800000, 0x0000000100000000)
  region size 1024K, 79 young (80896K), 4 survivors (4096K)
 Metaspace       used 30652K, capacity 31664K, committed 31792K, reserved 1077248K
  class space    used 3792K, capacity 4201K, committed 4224K, reserved 1048576K
}
Event: 4.649 GC heap after
{Heap after GC invocations=8 (full 0):
 garbage-first heap   total 157696K, used 14684K [0x0000000081800000, 0x0000000100000000)
  region size 1024K, 6 young (6144K), 6 survivors (6144K)
 Metaspace       used 30652K, capacity 31664K, committed 31792K, reserved 1077248K
  class space    used 3792K, capacity 4201K, committed 4224K, reserved 1048576K
}
Event: 5.621 GC heap before
{Heap before GC invocations=8 (full 0):
 garbage-first heap   total 157696K, used 61788K [0x0000000081800000, 0x0000000100000000)
  region size 1024K, 53 young (54272K), 6 survivors (6144K)
 Metaspace       used 34753K, capacity 35866K, committed 35920K, reserved 1081344K
  class space    used 4395K, capacity 4847K, committed 4864K, reserved 1048576K
}
Event: 5.645 GC heap after
{Heap after GC invocations=9 (full 0):
 garbage-first heap   total 157696K, used 16661K [0x0000000081800000, 0x0000000100000000)
  region size 1024K, 8 young (8192K), 8 survivors (8192K)
 Metaspace       used 34753K, capacity 35866K, committed 35920K, reserved 1081344K
  class space    used 4395K, capacity 4847K, committed 4864K, reserved 1048576K
}
Event: 7.197 GC heap before
{Heap before GC invocations=10 (full 0):
 garbage-first heap   total 157696K, used 95509K [0x0000000081800000, 0x0000000100000000)
  region size 1024K, 85 young (87040K), 8 survivors (8192K)
 Metaspace       used 43467K, capacity 44853K, committed 44956K, reserved 1087488K
  class space    used 5628K, capacity 6202K, committed 6220K, reserved 1048576K
}
Event: 7.226 GC heap after
{Heap after GC invocations=11 (full 0):
 garbage-first heap   total 157696K, used 20210K [0x0000000081800000, 0x0000000100000000)
  region size 1024K, 8 young (8192K), 8 survivors (8192K)
 Metaspace       used 43467K, capacity 44853K, committed 44956K, reserved 1087488K
  class space    used 5628K, capacity 6202K, committed 6220K, reserved 1048576K
}

