# JRE version: OpenJDK Runtime Environment Corretto-11.0.20.9.1 (11.0.20.1+9) (build 11.0.20.1+9-LTS)
# Java VM: OpenJDK 64-Bit Server VM Corretto-11.0.20.9.1 (11.0.20.1+9-LTS, mixed mode, tiered, compressed oops, g1 gc, windows-amd64)
Heap:
 garbage-first heap   total 157696K, used 18546K [0x0000000081800000, 0x0000000100000000)
  region size 1024K, 8 young (8192K), 8 survivors (8192K)
 Metaspace       used 37001K, capacity 38299K, committed 38428K, reserved 1091584K
  class space    used 4683K, capacity 5235K, committed 5324K, reserved 1048576K
GC Heap History (18 events):
Event: 1.897 GC heap before
{Heap before GC invocations=0 (full 0):
 garbage-first heap   total 131072K, used 14336K [0x0000000081800000, 0x0000000100000000)
  region size 1024K, 14 young (14336K), 0 survivors (0K)
 Metaspace       used 11832K, capacity 12074K, committed 12416K, reserved 1060864K
  class space    used 1202K, capacity 1302K, committed 1408K, reserved 1048576K
}
Event: 1.908 GC heap after
{Heap after GC invocations=1 (full 0):
 garbage-first heap   total 131072K, used 7255K [0x0000000081800000, 0x0000000100000000)
  region size 1024K, 2 young (2048K), 2 survivors (2048K)
 Metaspace       used 11832K, capacity 12074K, committed 12416K, reserved 1060864K
  class space    used 1202K, capacity 1302K, committed 1408K, reserved 1048576K
}
Event: 2.098 GC heap before
{Heap before GC invocations=1 (full 0):
 garbage-first heap   total 131072K, used 11351K [0x0000000081800000, 0x0000000100000000)
  region size 1024K, 6 young (6144K), 2 survivors (2048K)
 Metaspace       used 13714K, capacity 14031K, committed 14080K, reserved 1062912K
  class space    used 1378K, capacity 1505K, committed 1536K, reserved 1048576K
}
Event: 2.105 GC heap after
{Heap after GC invocations=2 (full 0):
 garbage-first heap   total 131072K, used 8527K [0x0000000081800000, 0x0000000100000000)
  region size 1024K, 1 young (1024K), 1 survivors (1024K)
 Metaspace       used 13714K, capacity 14031K, committed 14080K, reserved 1062912K
  class space    used 1378K, capacity 1505K, committed 1536K, reserved 1048576K
}
Event: 2.567 GC heap before
{Heap before GC invocations=2 (full 0):
 garbage-first heap   total 131072K, used 25935K [0x0000000081800000, 0x0000000100000000)
  region size 1024K, 18 young (18432K), 1 survivors (1024K)
 Metaspace       used 16138K, capacity 16585K, committed 16768K, reserved 1064960K
  class space    used 1711K, capacity 1904K, committed 1920K, reserved 1048576K
}
Event: 2.573 GC heap after
{Heap after GC invocations=3 (full 0):
 garbage-first heap   total 131072K, used 9352K [0x0000000081800000, 0x0000000100000000)
  region size 1024K, 2 young (2048K), 2 survivors (2048K)
 Metaspace       used 16138K, capacity 16585K, committed 16768K, reserved 1064960K
  class space    used 1711K, capacity 1904K, committed 1920K, reserved 1048576K
}
Event: 3.295 GC heap before
{Heap before GC invocations=3 (full 0):
 garbage-first heap   total 131072K, used 34952K [0x0000000081800000, 0x0000000100000000)
  region size 1024K, 28 young (28672K), 2 survivors (2048K)
 Metaspace       used 19568K, capacity 20241K, committed 20480K, reserved 1067008K
  class space    used 2233K, capacity 2520K, committed 2560K, reserved 1048576K
}
Event: 3.303 GC heap after
{Heap after GC invocations=4 (full 0):
 garbage-first heap   total 131072K, used 10476K [0x0000000081800000, 0x0000000100000000)
  region size 1024K, 3 young (3072K), 3 survivors (3072K)
 Metaspace       used 19568K, capacity 20241K, committed 20480K, reserved 1067008K
  class space    used 2233K, capacity 2520K, committed 2560K, reserved 1048576K
}
Event: 3.395 GC heap before
{Heap before GC invocations=4 (full 0):
 garbage-first heap   total 131072K, used 14572K [0x0000000081800000, 0x0000000100000000)
  region size 1024K, 8 young (8192K), 3 survivors (3072K)
 Metaspace       used 20536K, capacity 21179K, committed 21296K, reserved 1069056K
  class space    used 2351K, capacity 2644K, committed 2688K, reserved 1048576K
}
Event: 3.405 GC heap after
{Heap after GC invocations=5 (full 0):
 garbage-first heap   total 131072K, used 10830K [0x0000000081800000, 0x0000000100000000)
  region size 1024K, 4 young (4096K), 4 survivors (4096K)
 Metaspace       used 20536K, capacity 21179K, committed 21296K, reserved 1069056K
  class space    used 2351K, capacity 2644K, committed 2688K, reserved 1048576K
}
Event: 4.062 GC heap before
{Heap before GC invocations=6 (full 0):
 garbage-first heap   total 131072K, used 49742K [0x0000000081800000, 0x0000000100000000)
  region size 1024K, 43 young (44032K), 4 survivors (4096K)
 Metaspace       used 25856K, capacity 26717K, committed 26800K, reserved 1073152K
  class space    used 3167K, capacity 3510K, committed 3584K, reserved 1048576K
}
Event: 4.075 GC heap after
{Heap after GC invocations=7 (full 0):
 garbage-first heap   total 157696K, used 12332K [0x0000000081800000, 0x0000000100000000)
  region size 1024K, 5 young (5120K), 5 survivors (5120K)
 Metaspace       used 25856K, capacity 26717K, committed 26800K, reserved 1073152K
  class space    used 3167K, capacity 3510K, committed 3584K, reserved 1048576K
}
Event: 5.983 GC heap before
{Heap before GC invocations=7 (full 0):
 garbage-first heap   total 157696K, used 101420K [0x0000000081800000, 0x0000000100000000)
  region size 1024K, 92 young (94208K), 5 survivors (5120K)
 Metaspace       used 31499K, capacity 32524K, committed 32816K, reserved 1077248K
  class space    used 3924K, capacity 4361K, committed 4480K, reserved 1048576K
}
Event: 6.000 GC heap after
{Heap after GC invocations=8 (full 0):
 garbage-first heap   total 157696K, used 15086K [0x0000000081800000, 0x0000000100000000)
  region size 1024K, 8 young (8192K), 8 survivors (8192K)
 Metaspace       used 31499K, capacity 32524K, committed 32816K, reserved 1077248K
  class space    used 3924K, capacity 4361K, committed 4480K, reserved 1048576K
}
Event: 6.997 GC heap before
{Heap before GC invocations=8 (full 0):
 garbage-first heap   total 157696K, used 50926K [0x0000000081800000, 0x0000000100000000)
  region size 1024K, 44 young (45056K), 8 survivors (8192K)
 Metaspace       used 34742K, capacity 35866K, committed 35920K, reserved 1081344K
  class space    used 4396K, capacity 4847K, committed 4864K, reserved 1048576K
}
Event: 7.032 GC heap after
{Heap after GC invocations=9 (full 0):
 garbage-first heap   total 157696K, used 17013K [0x0000000081800000, 0x0000000100000000)
  region size 1024K, 8 young (8192K), 8 survivors (8192K)
 Metaspace       used 34742K, capacity 35866K, committed 35920K, reserved 1081344K
  class space    used 4396K, capacity 4847K, committed 4864K, reserved 1048576K
}
Event: 7.682 GC heap before
{Heap before GC invocations=10 (full 0):
 garbage-first heap   total 157696K, used 38517K [0x0000000081800000, 0x0000000100000000)
  region size 1024K, 30 young (30720K), 8 survivors (8192K)
 Metaspace       used 37001K, capacity 38299K, committed 38428K, reserved 1089536K
  class space    used 4683K, capacity 5235K, committed 5324K, reserved 1048576K
}
Event: 7.709 GC heap after
{Heap after GC invocations=11 (full 0):
 garbage-first heap   total 157696K, used 18546K [0x0000000081800000, 0x0000000100000000)
  region size 1024K, 8 young (8192K), 8 survivors (8192K)
 Metaspace       used 37001K, capacity 38299K, committed 38428K, reserved 1089536K
  class space    used 4683K, capacity 5235K, committed 5324K, reserved 1048576K
}

